# JRE version: OpenJDK Runtime Environment (11.0.8+10) (build 11.0.8+10-b944.6842174)
# Java VM: OpenJDK 64-Bit Server VM (11.0.8+10-b944.6842174, mixed mode, tiered, compressed oops, g1 gc, windows-amd64)
Heap:
 garbage-first heap   total 612352K, used 187800K [0x0000000080000000, 0x0000000100000000)
  region size 1024K, 2 young (2048K), 2 survivors (2048K)
 Metaspace       used 142727K, capacity 146477K, committed 146620K, reserved 1177600K
  class space    used 17238K, capacity 18554K, committed 18584K, reserved 1048576K
GC Heap History (20 events):
Event: 6858.670 GC heap after
{Heap after GC invocations=93 (full 0):
 garbage-first heap   total 306176K, used 163651K [0x0000000080000000, 0x0000000100000000)
  region size 1024K, 2 young (2048K), 2 survivors (2048K)
 Metaspace       used 142476K, capacity 146189K, committed 146364K, reserved 1177600K
  class space    used 17203K, capacity 18524K, committed 18584K, reserved 1048576K
}
Event: 6860.937 GC heap before
{Heap before GC invocations=93 (full 0):
 garbage-first heap   total 306176K, used 174915K [0x0000000080000000, 0x0000000100000000)
  region size 1024K, 14 young (14336K), 2 survivors (2048K)
 Metaspace       used 142487K, capacity 146189K, committed 146364K, reserved 1177600K
  class space    used 17203K, capacity 18524K, committed 18584K, reserved 1048576K
}
Event: 6861.021 GC heap after
{Heap after GC invocations=94 (full 0):
 garbage-first heap   total 306176K, used 163798K [0x0000000080000000, 0x0000000100000000)
  region size 1024K, 1 young (1024K), 1 survivors (1024K)
 Metaspace       used 142487K, capacity 146189K, committed 146364K, reserved 1177600K
  class space    used 17203K, capacity 18524K, committed 18584K, reserved 1048576K
}
Event: 6863.241 GC heap before
{Heap before GC invocations=94 (full 0):
 garbage-first heap   total 306176K, used 176086K [0x0000000080000000, 0x0000000100000000)
  region size 1024K, 14 young (14336K), 1 survivors (1024K)
 Metaspace       used 142565K, capacity 146314K, committed 146364K, reserved 1177600K
  class space    used 17219K, capacity 18543K, committed 18584K, reserved 1048576K
}
Event: 6863.342 GC heap after
{Heap after GC invocations=95 (full 0):
 garbage-first heap   total 306176K, used 164720K [0x0000000080000000, 0x0000000100000000)
  region size 1024K, 2 young (2048K), 2 survivors (2048K)
 Metaspace       used 142565K, capacity 146314K, committed 146364K, reserved 1177600K
  class space    used 17219K, capacity 18543K, committed 18584K, reserved 1048576K
}
Event: 6863.555 GC heap before
{Heap before GC invocations=95 (full 0):
 garbage-first heap   total 306176K, used 175984K [0x0000000080000000, 0x0000000100000000)
  region size 1024K, 14 young (14336K), 2 survivors (2048K)
 Metaspace       used 142565K, capacity 146314K, committed 146364K, reserved 1177600K
  class space    used 17219K, capacity 18543K, committed 18584K, reserved 1048576K
}
Event: 6863.764 GC heap after
{Heap after GC invocations=96 (full 0):
 garbage-first heap   total 306176K, used 168468K [0x0000000080000000, 0x0000000100000000)
  region size 1024K, 2 young (2048K), 2 survivors (2048K)
 Metaspace       used 142565K, capacity 146314K, committed 146364K, reserved 1177600K
  class space    used 17219K, capacity 18543K, committed 18584K, reserved 1048576K
}
Event: 6863.967 GC heap before
{Heap before GC invocations=96 (full 0):
 garbage-first heap   total 306176K, used 179732K [0x0000000080000000, 0x0000000100000000)
  region size 1024K, 14 young (14336K), 2 survivors (2048K)
 Metaspace       used 142565K, capacity 146314K, committed 146364K, reserved 1177600K
  class space    used 17219K, capacity 18543K, committed 18584K, reserved 1048576K
}
Event: 6864.074 GC heap after
{Heap after GC invocations=97 (full 0):
 garbage-first heap   total 306176K, used 171073K [0x0000000080000000, 0x0000000100000000)
  region size 1024K, 2 young (2048K), 2 survivors (2048K)
 Metaspace       used 142565K, capacity 146314K, committed 146364K, reserved 1177600K
  class space    used 17219K, capacity 18543K, committed 18584K, reserved 1048576K
}
Event: 6864.737 GC heap before
{Heap before GC invocations=97 (full 0):
 garbage-first heap   total 306176K, used 182337K [0x0000000080000000, 0x0000000100000000)
  region size 1024K, 14 young (14336K), 2 survivors (2048K)
 Metaspace       used 142570K, capacity 146314K, committed 146364K, reserved 1177600K
  class space    used 17219K, capacity 18543K, committed 18584K, reserved 1048576K
}
Event: 6864.933 GC heap after
{Heap after GC invocations=98 (full 0):
 garbage-first heap   total 306176K, used 173661K [0x0000000080000000, 0x0000000100000000)
  region size 1024K, 2 young (2048K), 2 survivors (2048K)
 Metaspace       used 142570K, capacity 146314K, committed 146364K, reserved 1177600K
  class space    used 17219K, capacity 18543K, committed 18584K, reserved 1048576K
}
Event: 6865.581 GC heap before
{Heap before GC invocations=98 (full 0):
 garbage-first heap   total 306176K, used 185949K [0x0000000080000000, 0x0000000100000000)
  region size 1024K, 14 young (14336K), 2 survivors (2048K)
 Metaspace       used 142598K, capacity 146341K, committed 146620K, reserved 1177600K
  class space    used 17224K, capacity 18553K, committed 18584K, reserved 1048576K
}
Event: 6865.781 GC heap after
{Heap after GC invocations=99 (full 0):
 garbage-first heap   total 306176K, used 176060K [0x0000000080000000, 0x0000000100000000)
  region size 1024K, 2 young (2048K), 2 survivors (2048K)
 Metaspace       used 142598K, capacity 146341K, committed 146620K, reserved 1177600K
  class space    used 17224K, capacity 18553K, committed 18584K, reserved 1048576K
}
Event: 6866.041 GC heap before
{Heap before GC invocations=99 (full 0):
 garbage-first heap   total 306176K, used 188348K [0x0000000080000000, 0x0000000100000000)
  region size 1024K, 14 young (14336K), 2 survivors (2048K)
 Metaspace       used 142616K, capacity 146342K, committed 146620K, reserved 1177600K
  class space    used 17225K, capacity 18553K, committed 18584K, reserved 1048576K
}
Event: 6866.316 GC heap after
{Heap after GC invocations=100 (full 0):
 garbage-first heap   total 306176K, used 179200K [0x0000000080000000, 0x0000000100000000)
  region size 1024K, 2 young (2048K), 2 survivors (2048K)
 Metaspace       used 142616K, capacity 146342K, committed 146620K, reserved 1177600K
  class space    used 17225K, capacity 18553K, committed 18584K, reserved 1048576K
}
Event: 6867.292 GC heap before
{Heap before GC invocations=100 (full 0):
 garbage-first heap   total 306176K, used 191488K [0x0000000080000000, 0x0000000100000000)
  region size 1024K, 14 young (14336K), 2 survivors (2048K)
 Metaspace       used 142680K, capacity 146409K, committed 146620K, reserved 1177600K
  class space    used 17233K, capacity 18554K, committed 18584K, reserved 1048576K
}
Event: 6867.376 GC heap after
{Heap after GC invocations=101 (full 0):
 garbage-first heap   total 306176K, used 182199K [0x0000000080000000, 0x0000000100000000)
  region size 1024K, 2 young (2048K), 2 survivors (2048K)
 Metaspace       used 142680K, capacity 146409K, committed 146620K, reserved 1177600K
  class space    used 17233K, capacity 18554K, committed 18584K, reserved 1048576K
}
Event: 6867.764 GC heap before
{Heap before GC invocations=101 (full 0):
 garbage-first heap   total 306176K, used 194487K [0x0000000080000000, 0x0000000100000000)
  region size 1024K, 14 young (14336K), 2 survivors (2048K)
 Metaspace       used 142726K, capacity 146477K, committed 146620K, reserved 1177600K
  class space    used 17238K, capacity 18554K, committed 18584K, reserved 1048576K
}
Event: 6867.927 GC heap after
{Heap after GC invocations=102 (full 0):
 garbage-first heap   total 306176K, used 185141K [0x0000000080000000, 0x0000000100000000)
  region size 1024K, 2 young (2048K), 2 survivors (2048K)
 Metaspace       used 142726K, capacity 146477K, committed 146620K, reserved 1177600K
  class space    used 17238K, capacity 18554K, committed 18584K, reserved 1048576K
}
Event: 6868.010 GC heap before
{Heap before GC invocations=102 (full 0):
 garbage-first heap   total 306176K, used 197429K [0x0000000080000000, 0x0000000100000000)
  region size 1024K, 14 young (14336K), 2 survivors (2048K)
 Metaspace       used 142727K, capacity 146477K, committed 146620K, reserved 1177600K
  class space    used 17238K, capacity 18554K, committed 18584K, reserved 1048576K
}

